<?xml version="1.0" encoding="UTF-8"?>
<!-- Generated by org.testng.reporters.JUnitReportReporter -->
<testsuite hostname="192.168.1.3" failures="0" tests="1" name="com.btf.qa.BasicTestFramework.ValidateTitle" time="14.579" errors="0" timestamp="2022-12-25T16:13:08 IST" skipped="0">
  <testcase classname="com.btf.qa.BasicTestFramework.ValidateTitle" name="basePageNavigation" time="14.579"/>
  <system-out/>
</testsuite> <!-- com.btf.qa.BasicTestFramework.ValidateTitle -->
