<?xml version="1.0" encoding="UTF-8"?>
<!-- Generated by org.testng.reporters.JUnitReportReporter -->
<testsuite hostname="AVIs" failures="0" tests="1" name="com.btf.qa.BasicTestFramework.CheckLoginSuccess" time="10.002" errors="0" timestamp="2022-06-13T00:30:13 IST" skipped="0">
  <testcase classname="com.btf.qa.BasicTestFramework.CheckLoginSuccess" name="loginSuccess" time="10.002"/>
  <system-out/>
</testsuite> <!-- com.btf.qa.BasicTestFramework.CheckLoginSuccess -->
