<?xml version="1.0" encoding="UTF-8"?>
<!-- Generated by org.testng.reporters.JUnitReportReporter -->
<testsuite hostname="AVIs" failures="0" tests="1" name="com.btf.qa.BasicTestFramework.CheckLoginSuccess" time="11.521" errors="0" timestamp="2022-06-12T20:36:19 IST" skipped="0">
  <testcase classname="com.btf.qa.BasicTestFramework.CheckLoginSuccess" name="loginSuccess" time="11.521"/>
  <system-out/>
</testsuite> <!-- com.btf.qa.BasicTestFramework.CheckLoginSuccess -->
